Job started on r002.ib.bridges2.psc.edu at Sat Sep  9 17:56:15 EDT 2023
Directory /ocean/projects/cts180021p/jpu/projects/GASP-python/examples/Li-LiMg-LiAl_qe/garun already exists
Setting the run directory to /ocean/projects/cts180021p/jpu/projects/GASP-python/examples/Li-LiMg-LiAl_qe/garun_9_9_2023_17_56_22
Making 5 organisms with file organism creator
Making organism 1 from file: POSCAR.LiAl 
Organisms left for file organism creator: 4 
Making organism 2 from file: POSCAR.LiMg 
Organisms left for file organism creator: 3 
Making organism 3 from file: POSCAR.Li 
Organisms left for file organism creator: 2 
Making organism 4 from file: POSCAR.Li2Al 
Organisms left for file organism creator: 1 
Making organism 5 from file: POSCAR.Li5Mg 
Organisms left for file organism creator: 0 
Making 10 organisms with random organism creator
Starting quantum espresso calculation on organism 2 
Starting quantum espresso calculation on organism 3 
Starting quantum espresso calculation on organism 1 
Starting quantum espresso calculation on organism 4 
Starting quantum espresso calculation on organism 5 
